#
# A fatal error has been detected by the Java Runtime Environment:
#
#  EXCEPTION_ACCESS_VIOLATION (0xc0000005) at pc=0x00007ffc977ecb66, pid=6436, tid=17584
#
# JRE version: OpenJDK Runtime Environment Temurin-17.0.9+9 (17.0.9+9) (build 17.0.9+9)
# Java VM: OpenJDK 64-Bit Server VM Temurin-17.0.9+9 (17.0.9+9, mixed mode, emulated-client, tiered, compressed oops, compressed class ptrs, g1 gc, windows-amd64)
# Problematic frame:
# V  [jvm.dll+0xcb66]
#
# No core dump will be written. Minidumps are not enabled by default on client versions of Windows
#
# If you would like to submit a bug report, please visit:
#   https://github.com/adoptium/adoptium-support/issues
#

---------------  S U M M A R Y ------------

Command Line: -Dcom.sun.management.jmxremote -Dcom.sun.management.jmxremote.port=63487 -Dcom.sun.management.jmxremote.authenticate=false -Dcom.sun.management.jmxremote.ssl=false -Djava.rmi.server.hostname=localhost -Dspring.jmx.enabled=true -Dmanagement.endpoints.jmx.exposure.include=* -Dspring.application.admin.enabled=true -XX:TieredStopAtLevel=1 -Dspring.boot.project.name=Z-User -Dfile.encoding=UTF-8 -Dstdout.encoding=UTF-8 -Dstderr.encoding=UTF-8 -XX:+ShowCodeDetailsInExceptionMessages com.user.ZUserApplication --spring.output.ansi.enabled=always

Host: Intel(R) Core(TM) i5-6300U CPU @ 2.40GHz, 4 cores, 7G,  Windows 10 , 64 bit Build 19041 (10.0.19041.3636)
Time: Tue Mar 26 17:49:55 2024 India Standard Time elapsed time: 15.266570 seconds (0d 0h 0m 15s)

---------------  T H R E A D  ---------------

Current thread (0x0000020e2ebfa3e0):  ConcurrentGCThread "G1 Conc#0" [stack: 0x0000006c34600000,0x0000006c34700000] [id=17584]

Stack: [0x0000006c34600000,0x0000006c34700000],  sp=0x0000006c346ffae8,  free space=1022k
Native frames: (J=compiled Java code, j=interpreted, Vv=VM code, C=native code)
V  [jvm.dll+0xcb66]


siginfo: EXCEPTION_ACCESS_VIOLATION (0xc0000005), reading address 0x0000000000000008


Registers:
RAX=0x0000000000000000, RBX=0x0000020e2ebe8d01, RCX=0x0000000084810500, RDX=0x0000000084810500
RSP=0x0000006c346ffae8, RBP=0x0000000000000000, RSI=0x0000020e2ebe8d50, RDI=0x0000000084810500
R8 =0x0000020e39b10410, R9 =0x0000000000000000, R10=0x0000000000000023, R11=0x0000000000000006
R12=0x0000000000000000, R13=0xaaaaaaaaaaaaaaab, R14=0x000000010007a2f0, R15=0x0000000083f87718
RIP=0x00007ffc977ecb66, EFLAGS=0x0000000000010246


Register to memory mapping:

RIP=0x00007ffc977ecb66 jvm.dll
RAX=0x0 is NULL
RBX=0x0000020e2ebe8d01 points into unknown readable memory: 00 00 00 00 00 00 00
RCX=0x0000000084810500 is pointing into object: [Lorg.springframework.util.ConcurrentReferenceHashMap$Reference; 
{0x00000000848104a0} - klass: 'org/springframework/util/ConcurrentReferenceHashMap$Reference'[]
 - length: 64
RDX=0x0000000084810500 is pointing into object: [Lorg.springframework.util.ConcurrentReferenceHashMap$Reference; 
{0x00000000848104a0} - klass: 'org/springframework/util/ConcurrentReferenceHashMap$Reference'[]
 - length: 64
RSP=0x0000006c346ffae8 points into unknown readable memory: 0x00007ffc97ab9058 | 58 90 ab 97 fc 7f 00 00
RBP=0x0 is NULL
RSI=0x0000020e2ebe8d50 points into unknown readable memory: 0x0000020e2ebf9ab0 | b0 9a bf 2e 0e 02 00 00
RDI=0x0000000084810500 is pointing into object: [Lorg.springframework.util.ConcurrentReferenceHashMap$Reference; 
{0x00000000848104a0} - klass: 'org/springframework/util/ConcurrentReferenceHashMap$Reference'[]
 - length: 64
R8 =0x0000020e39b10410 points into unknown readable memory: 0x0000000100000000 | 00 00 00 00 01 00 00 00
R9 =0x0 is NULL
R10=0x0000000000000023 is an unknown value
R11=0x0000000000000006 is an unknown value
R12=0x0 is NULL
R13=0xaaaaaaaaaaaaaaab is an unknown value
R14=0x000000010007a2f0 is a pointer to class: 
java.util.WeakHashMap$KeySet {0x000000010007a2f8}
 - instance size:     2
 - klass size:        129
 - access:            synchronized 
 - state:             fully_initialized
 - name:              'java/util/WeakHashMap$KeySet'
 - super:             'java/util/AbstractSet'
 - sub:               
 - arrays:            NULL
 - methods:           Array<T>(0x0000020e3f2c41e0)
 - method ordering:   Array<T>(0x0000020e3f000018)
 - default_methods:   Array<T>(0x0000020e3f2c4718)
 - default vtable indices:   Array<T>(0x0000020e3f2c4748)
 - local interfaces:  Array<T>(0x0000020e3f000058)
 - trans. interfaces: Array<T>(0x0000020e3f194da0)
 - constants:         constant pool [66] {0x0000020e3f2c3f48} for 'java/util/WeakHashMap$KeySet' cache=0x0000020e3f2c4760
 - class loader data:  loader data: 0x0000020e3ded2f00 of 'bootstrap'
 - source file:       'WeakHashMap.java'
 - class annotations:       Array<T>(0x0000000000000000)
 - class type annotations:  Array<T>(0x0000000000000000)
 - field annotations:       Array<T>(0x0000000000000000)
 - field type annotations:  Array<T>(0x0000000000000000)
 - generic signature: 'Ljava/util/AbstractSet<TK;>;'
 - inner classes:     Array<T>(0x0000020e3f2c46f0)
 - nest members:     Array<T>(0x0000020e3f000028)
 - permitted subclasses:     Array<T>(0x0000020e3f000028)
 - java mirror:       a 'java/lang/Class'{0x00000000823da400} = 'java/util/WeakHashMap$KeySet'
 - vtable length      24  (start addr: 0x000000010007a4b8)
 - itable length      47 (start addr: 0x000000010007a578)
 - ---- static fields (0 words):
 - ---- non-static fields (1 words):
 - final synthetic 'this$0' 'Ljava/util/WeakHashMap;' @12 
 - non-static oop maps: 12-12 
R15=0x0000000083f87718 is an oop: java.util.Collections$SetFromMap 
{0x0000000083f87718} - klass: 'java/util/Collections$SetFromMap'
 - ---- fields (total size 3 words):
 - private final 'm' 'Ljava/util/Map;' @12  a 'java/util/WeakHashMap'{0x0000000083f87730} (83f87730)
 - private transient 's' 'Ljava/util/Set;' @16  
[error occurred during error reporting (printing register info), id 0xc0000005, EXCEPTION_ACCESS_VIOLATION (0xc0000005) at pc=0x00007ffc97e49513]

Top of Stack: (sp=0x0000006c346ffae8)
0x0000006c346ffae8:   00007ffc97ab9058 0000000000000000
0x0000006c346ffaf8:   00007ffc97ab8fc4 00007b39243a3c2d
0x0000006c346ffb08:   0000006c346ffcc0 0000000084810500
0x0000006c346ffb18:   00007ffc97ab8cdf 0000020e2ebfd010
0x0000006c346ffb28:   0000006c346ffcc0 000000010007a2e8
0x0000006c346ffb38:   0000006c346ffcc0 0000000083f8772c
0x0000006c346ffb48:   00007ffc97ab6f0d 0000000083f87728
0x0000006c346ffb58:   00007ffc97ab89dc 0000006c346ffcc0
0x0000006c346ffb68:   0000000100035b50 0000006c346ffc80
0x0000006c346ffb78:   0000000000000001 0000000083f87718
0x0000006c346ffb88:   00007ffc97ab6b51 0000000100079ee8
0x0000006c346ffb98:   0000000000000003 0000006c346ffcc0
0x0000006c346ffba8:   0000000083f87600 0000020e2ebfd010
0x0000006c346ffbb8:   00007ffc97acc70e 0000000083f87718
0x0000006c346ffbc8:   0000020e2ebe8da0 0000006c346ffc80
0x0000006c346ffbd8:   0000020e2ebe8da0 0000000083f87718
0x0000006c346ffbe8:   00007ffc97ac8e81 0000000000470ee3
0x0000006c346ffbf8:   0000000000000000 0000000083f7ca40
0x0000006c346ffc08:   00007ffc97aca3e4 0000000000480000
0x0000006c346ffc18:   00007ffc97aca7dc 0000000083f876f8
0x0000006c346ffc28:   0000000000470ee3 0000000000000001
0x0000006c346ffc38:   0000020e2ebfd010 0000000000000000
0x0000006c346ffc48:   0000000000000001 0000020e2ebfd010
0x0000006c346ffc58:   00007ffc97ac97b4 0000000000000555
0x0000006c346ffc68:   0000000000000000 0000006c345ff301
0x0000006c346ffc78:   0000000000000000 0000020e2ebe8d50
0x0000006c346ffc88:   0000020e2ebfd010 0000000083f79af8
0x0000006c346ffc98:   0000000000010ca1 0000000083f79af8
0x0000006c346ffca8:   0000000000010ca1 0000000000000000
0x0000006c346ffcb8:   00000000002625a0 00007ffc98134aa8
0x0000006c346ffcc8:   0000020e3dec3240 0000000000000003
0x0000006c346ffcd8:   0000020e2eba17b0 0000020e2ebfd010 

Instructions: (pc=0x00007ffc977ecb66)
0x00007ffc977eca66:   cc cc cc cc cc cc cc cc cc cc 4c 8b 01 4c 8b c9
0x00007ffc977eca76:   48 8b 0d 13 60 b6 00 ba 64 60 08 00 e9 49 f1 ff
0x00007ffc977eca86:   ff cc cc cc cc cc cc cc cc cc 8b 05 62 a8 b0 00
0x00007ffc977eca96:   c3 cc cc cc cc cc cc cc cc cc 0f b6 05 3d 68 b7
0x00007ffc977ecaa6:   00 48 8b d1 84 c0 74 16 44 8b 41 08 8b 0d 40 a8
0x00007ffc977ecab6:   b0 00 49 d3 e0 4c 03 05 2e a8 b0 00 eb 04 4c 8b
0x00007ffc977ecac6:   41 08 45 8b 50 08 45 85 d2 7e 0e 41 f6 c2 01 75
0x00007ffc977ecad6:   53 41 c1 fa 03 41 8b c2 c3 79 49 84 c0 b9 10 00
0x00007ffc977ecae6:   00 00 8b 05 46 b7 b0 00 41 b8 0c 00 00 00 41 0f
0x00007ffc977ecaf6:   45 c8 ff c8 4c 63 c8 48 63 14 11 41 8b ca 83 e1
0x00007ffc977ecb06:   3f 48 d3 e2 41 8b ca 48 c1 f9 10 0f b6 c1 49 8d
0x00007ffc977ecb16:   0c 11 49 f7 d1 48 03 c1 49 c1 e9 03 48 c1 e8 03
0x00007ffc977ecb26:   41 23 c1 c3 49 8b 00 49 8b c8 48 ff a0 00 01 00
0x00007ffc977ecb36:   00 cc cc cc cc cc cc cc cc cc 8b 44 24 30 45 03
0x00007ffc977ecb46:   c9 44 2b 4c 24 28 83 c0 0b 44 03 ca 45 03 c8 41
0x00007ffc977ecb56:   03 c1 c3 cc cc cc cc cc cc cc 4c 8b ca 48 8b d1
0x00007ffc977ecb66:   45 8b 41 08 45 85 c0 7e 0e 41 f6 c0 01 75 56 41
0x00007ffc977ecb76:   c1 f8 03 41 8b c0 c3 79 4c 80 3d 5e 67 b7 00 00
0x00007ffc977ecb86:   b8 0c 00 00 00 b9 10 00 00 00 0f 45 c8 8b 05 9b
0x00007ffc977ecb96:   b6 b0 00 ff c8 4c 63 c8 48 63 14 11 41 8b c8 83
0x00007ffc977ecba6:   e1 3f 48 d3 e2 41 8b c8 48 c1 f9 10 0f b6 c1 49
0x00007ffc977ecbb6:   8d 0c 11 49 f7 d1 48 03 c1 49 c1 e9 03 48 c1 e8
0x00007ffc977ecbc6:   03 41 23 c1 c3 49 8b 01 49 8b c9 48 ff a0 00 01
0x00007ffc977ecbd6:   00 00 cc cc cc cc cc cc cc cc 48 8b 41 08 0f b7
0x00007ffc977ecbe6:   48 2a 0f b7 40 28 83 c0 48 03 c1 c3 cc cc cc cc
0x00007ffc977ecbf6:   cc cc cc cc cc cc cc cc cc cc 48 89 5c 24 08 57
0x00007ffc977ecc06:   48 83 ec 20 0f b6 05 df 48 bb 00 48 8b fa 48 8b
0x00007ffc977ecc16:   d9 84 c0 74 4f 48 85 15 f6 40 bb 00 74 38 48 8b
0x00007ffc977ecc26:   ca e8 64 95 85 00 48 8b d0 48 85 db 74 25 48 85
0x00007ffc977ecc36:   c0 74 20 48 8b c7 f0 48 0f b1 13 74 16 48 85 05
0x00007ffc977ecc46:   ce 40 bb 00 74 0d 48 8b c8 f0 48 0f b1 13 48 3b
0x00007ffc977ecc56:   c1 75 ea 48 8b fa 48 8b c7 48 8b 5c 24 30 48 83 


Stack slot to memory mapping:
stack at sp + 0 slots: 0x00007ffc97ab9058 jvm.dll
stack at sp + 1 slots: 0x0 is NULL
stack at sp + 2 slots: 0x00007ffc97ab8fc4 jvm.dll
stack at sp + 3 slots: 0x00007b39243a3c2d is an unknown value
stack at sp + 4 slots: 0x0000006c346ffcc0 points into unknown readable memory: 0x00007ffc98134aa8 | a8 4a 13 98 fc 7f 00 00
stack at sp + 5 slots: 0x0000000084810500 is pointing into object: [Lorg.springframework.util.ConcurrentReferenceHashMap$Reference; 
{0x00000000848104a0} - klass: 'org/springframework/util/ConcurrentReferenceHashMap$Reference'[]
 - length: 64
stack at sp + 6 slots: 0x00007ffc97ab8cdf jvm.dll
stack at sp + 7 slots: 0x0000020e2ebfd010 points into unknown readable memory: 0x00007ffc98134a88 | 88 4a 13 98 fc 7f 00 00


---------------  P R O C E S S  ---------------

Threads class SMR info:
_java_thread_list=0x0000020e45648a00, length=30, elements={
0x0000020e2eb8e780, 0x0000020e3e0a03e0, 0x0000020e3e0a2a60, 0x0000020e3e0778f0,
0x0000020e3e0781c0, 0x0000020e3e07b240, 0x0000020e3e07bb10, 0x0000020e3e0c37d0,
0x0000020e3e0c3cf0, 0x0000020e3dff3ee0, 0x0000020e3e2d0010, 0x0000020e3e3178e0,
0x0000020e3ea27c90, 0x0000020e3eca2020, 0x0000020e3eca73f0, 0x0000020e3ecb9490,
0x0000020e43397a70, 0x0000020e43642410, 0x0000020e43644780, 0x0000020e43643340,
0x0000020e436451a0, 0x0000020e43644270, 0x0000020e43642e30, 0x0000020e43643850,
0x0000020e43643d60, 0x0000020e43644c90, 0x0000020e436456b0, 0x0000020e43641f00,
0x0000020e451224a0, 0x0000020e451275a0
}

Java Threads: ( => current thread )
  0x0000020e2eb8e780 JavaThread "main" [_thread_blocked, id=12896, stack(0x0000006c34300000,0x0000006c34400000)]
  0x0000020e3e0a03e0 JavaThread "Reference Handler" daemon [_thread_blocked, id=17312, stack(0x0000006c34a00000,0x0000006c34b00000)]
  0x0000020e3e0a2a60 JavaThread "Finalizer" daemon [_thread_blocked, id=4656, stack(0x0000006c34b00000,0x0000006c34c00000)]
  0x0000020e3e0778f0 JavaThread "Signal Dispatcher" daemon [_thread_blocked, id=15908, stack(0x0000006c34c00000,0x0000006c34d00000)]
  0x0000020e3e0781c0 JavaThread "Attach Listener" daemon [_thread_blocked, id=11556, stack(0x0000006c34d00000,0x0000006c34e00000)]
  0x0000020e3e07b240 JavaThread "Service Thread" daemon [_thread_blocked, id=12188, stack(0x0000006c34e00000,0x0000006c34f00000)]
  0x0000020e3e07bb10 JavaThread "Monitor Deflation Thread" daemon [_thread_blocked, id=6076, stack(0x0000006c34f00000,0x0000006c35000000)]
  0x0000020e3e0c37d0 JavaThread "C1 CompilerThread0" daemon [_thread_blocked, id=1116, stack(0x0000006c35000000,0x0000006c35100000)]
  0x0000020e3e0c3cf0 JavaThread "Sweeper thread" daemon [_thread_blocked, id=14688, stack(0x0000006c35100000,0x0000006c35200000)]
  0x0000020e3dff3ee0 JavaThread "Common-Cleaner" daemon [_thread_blocked, id=1320, stack(0x0000006c35200000,0x0000006c35300000)]
  0x0000020e3e2d0010 JavaThread "C1 CompilerThread1" daemon [_thread_blocked, id=11452, stack(0x0000006c35300000,0x0000006c35400000)]
  0x0000020e3e3178e0 JavaThread "Notification Thread" daemon [_thread_blocked, id=14508, stack(0x0000006c35400000,0x0000006c35500000)]
  0x0000020e3ea27c90 JavaThread "C1 CompilerThread2" daemon [_thread_blocked, id=16052, stack(0x0000006c35500000,0x0000006c35600000)]
  0x0000020e3eca2020 JavaThread "RMI TCP Accept-0" daemon [_thread_in_native, id=17384, stack(0x0000006c35b00000,0x0000006c35c00000)]
  0x0000020e3eca73f0 JavaThread "RMI TCP Accept-63487" daemon [_thread_in_native, id=14016, stack(0x0000006c35c00000,0x0000006c35d00000)]
  0x0000020e3ecb9490 JavaThread "RMI TCP Accept-0" daemon [_thread_in_native, id=14456, stack(0x0000006c35d00000,0x0000006c35e00000)]
  0x0000020e43397a70 JavaThread "RMI TCP Connection(1)-127.0.0.1" daemon [_thread_in_native, id=7988, stack(0x0000006c35f00000,0x0000006c36000000)]
  0x0000020e43642410 JavaThread "RMI Scheduler(0)" daemon [_thread_blocked, id=11952, stack(0x0000006c36000000,0x0000006c36100000)]
  0x0000020e43644780 JavaThread "RMI TCP Connection(2)-127.0.0.1" daemon [_thread_in_native, id=17012, stack(0x0000006c36100000,0x0000006c36200000)]
  0x0000020e43643340 JavaThread "JMX server connection timeout 21" daemon [_thread_blocked, id=5784, stack(0x0000006c36200000,0x0000006c36300000)]
  0x0000020e436451a0 JavaThread "Thread-0" [_thread_blocked, id=16300, stack(0x0000006c36300000,0x0000006c36400000)]
  0x0000020e43644270 JavaThread "restartedMain" [_thread_in_Java, id=10224, stack(0x0000006c36400000,0x0000006c36500000)]
  0x0000020e43642e30 JavaThread "Keep-Alive-Timer" daemon [_thread_blocked, id=11608, stack(0x0000006c36600000,0x0000006c36700000)]
  0x0000020e43643850 JavaThread "Catalina-utility-1" [_thread_blocked, id=14340, stack(0x0000006c36700000,0x0000006c36800000)]
  0x0000020e43643d60 JavaThread "Catalina-utility-2" [_thread_blocked, id=9212, stack(0x0000006c36800000,0x0000006c36900000)]
  0x0000020e43644c90 JavaThread "container-0" [_thread_blocked, id=6696, stack(0x0000006c36900000,0x0000006c36a00000)]
  0x0000020e436456b0 JavaThread "mysql-cj-abandoned-connection-cleanup" daemon [_thread_blocked, id=12860, stack(0x0000006c36a00000,0x0000006c36b00000)]
  0x0000020e43641f00 JavaThread "HikariPool-1 housekeeper" daemon [_thread_blocked, id=8992, stack(0x0000006c36b00000,0x0000006c36c00000)]
  0x0000020e451224a0 JavaThread "HikariPool-1 connection adder" daemon [_thread_blocked, id=9732, stack(0x0000006c36c00000,0x0000006c36d00000)]
  0x0000020e451275a0 JavaThread "Live Reload Server" daemon [_thread_in_native, id=5716, stack(0x0000006c36e00000,0x0000006c36f00000)]

Other Threads:
  0x0000020e3e06c180 VMThread "VM Thread" [stack: 0x0000006c34900000,0x0000006c34a00000] [id=8816]
  0x0000020e2eb8f600 WatcherThread [stack: 0x0000006c35e00000,0x0000006c35f00000] [id=8288]
  0x0000020e2ebe8830 GCTaskThread "GC Thread#0" [stack: 0x0000006c34400000,0x0000006c34500000] [id=17456]
  0x0000020e3ebe11b0 GCTaskThread "GC Thread#1" [stack: 0x0000006c35600000,0x0000006c35700000] [id=18332]
  0x0000020e3ebe1470 GCTaskThread "GC Thread#2" [stack: 0x0000006c35700000,0x0000006c35800000] [id=8792]
  0x0000020e3ec1d4f0 GCTaskThread "GC Thread#3" [stack: 0x0000006c35800000,0x0000006c35900000] [id=5396]
  0x0000020e2ebf9ab0 ConcurrentGCThread "G1 Main Marker" [stack: 0x0000006c34500000,0x0000006c34600000] [id=17928]
=>0x0000020e2ebfa3e0 ConcurrentGCThread "G1 Conc#0" [stack: 0x0000006c34600000,0x0000006c34700000] [id=17584]
  0x0000020e2ec2da50 ConcurrentGCThread "G1 Refine#0" [stack: 0x0000006c34700000,0x0000006c34800000] [id=18040]
  0x0000020e3ebe1730 ConcurrentGCThread "G1 Refine#1" [stack: 0x0000006c35900000,0x0000006c35a00000] [id=13884]
  0x0000020e2ec2e390 ConcurrentGCThread "G1 Service" [stack: 0x0000006c34800000,0x0000006c34900000] [id=17648]

Threads with active compile tasks:

VM state: not at safepoint (normal execution)

VM Mutex/Monitor currently owned by a thread: None

Heap address: 0x0000000081c00000, size: 2020 MB, Compressed Oops mode: 32-bit

CDS archive(s) not mapped
Compressed class space mapped at: 0x0000000100000000-0x0000000140000000, reserved size: 1073741824
Narrow klass base: 0x0000000000000000, Narrow klass shift: 3, Narrow klass range: 0x140000000

GC Precious Log:
 CPUs: 4 total, 4 available
 Memory: 8072M
 Large Page Support: Disabled
 NUMA Support: Disabled
 Compressed Oops: Enabled (32-bit)
 Heap Region Size: 1M
 Heap Min Capacity: 8M
 Heap Initial Capacity: 128M
 Heap Max Capacity: 2020M
 Pre-touch: Disabled
 Parallel Workers: 4
 Concurrent Workers: 1
 Concurrent Refinement Workers: 4
 Periodic GC: Disabled

Heap:
 garbage-first heap   total 120832K, used 65338K [0x0000000081c00000, 0x0000000100000000)
  region size 1024K, 19 young (19456K), 3 survivors (3072K)
 Metaspace       used 83071K, committed 83648K, reserved 1179648K
  class space    used 11418K, committed 11712K, reserved 1048576K

Heap Regions: E=young(eden), S=young(survivor), O=old, HS=humongous(starts), HC=humongous(continues), CS=collection set, F=free, OA=open archive, CA=closed archive, TAMS=top-at-mark-start (previous, next)
|   0|0x0000000081c00000, 0x0000000081d00000, 0x0000000081d00000|100%|HS|  |TAMS 0x0000000081d00000, 0x0000000081d00000| Complete 
|   1|0x0000000081d00000, 0x0000000081e00000, 0x0000000081e00000|100%|HS|  |TAMS 0x0000000081e00000, 0x0000000081e00000| Complete 
|   2|0x0000000081e00000, 0x0000000081f00000, 0x0000000081f00000|100%| O|  |TAMS 0x0000000081f00000, 0x0000000081f00000| Untracked 
|   3|0x0000000081f00000, 0x0000000082000000, 0x0000000082000000|100%| O|  |TAMS 0x0000000082000000, 0x0000000082000000| Untracked 
|   4|0x0000000082000000, 0x0000000082100000, 0x0000000082100000|100%| O|  |TAMS 0x0000000082100000, 0x0000000082100000| Untracked 
|   5|0x0000000082100000, 0x0000000082200000, 0x0000000082200000|100%| O|  |TAMS 0x0000000082200000, 0x0000000082200000| Untracked 
|   6|0x0000000082200000, 0x0000000082300000, 0x0000000082300000|100%| O|  |TAMS 0x0000000082300000, 0x0000000082300000| Untracked 
|   7|0x0000000082300000, 0x0000000082400000, 0x0000000082400000|100%| O|  |TAMS 0x0000000082400000, 0x0000000082400000| Untracked 
|   8|0x0000000082400000, 0x0000000082500000, 0x0000000082500000|100%| O|  |TAMS 0x0000000082500000, 0x0000000082500000| Untracked 
|   9|0x0000000082500000, 0x0000000082600000, 0x0000000082600000|100%| O|  |TAMS 0x0000000082600000, 0x0000000082600000| Untracked 
|  10|0x0000000082600000, 0x0000000082700000, 0x0000000082700000|100%| O|  |TAMS 0x0000000082700000, 0x0000000082700000| Untracked 
|  11|0x0000000082700000, 0x0000000082800000, 0x0000000082800000|100%| O|  |TAMS 0x0000000082800000, 0x0000000082800000| Untracked 
|  12|0x0000000082800000, 0x0000000082900000, 0x0000000082900000|100%| O|  |TAMS 0x0000000082900000, 0x0000000082900000| Untracked 
|  13|0x0000000082900000, 0x0000000082a00000, 0x0000000082a00000|100%| O|  |TAMS 0x0000000082a00000, 0x0000000082a00000| Untracked 
|  14|0x0000000082a00000, 0x0000000082b00000, 0x0000000082b00000|100%| O|  |TAMS 0x0000000082b00000, 0x0000000082b00000| Untracked 
|  15|0x0000000082b00000, 0x0000000082c00000, 0x0000000082c00000|100%| O|  |TAMS 0x0000000082c00000, 0x0000000082c00000| Untracked 
|  16|0x0000000082c00000, 0x0000000082d00000, 0x0000000082d00000|100%| O|  |TAMS 0x0000000082d00000, 0x0000000082d00000| Untracked 
|  17|0x0000000082d00000, 0x0000000082e00000, 0x0000000082e00000|100%| O|  |TAMS 0x0000000082e00000, 0x0000000082e00000| Untracked 
|  18|0x0000000082e00000, 0x0000000082f00000, 0x0000000082f00000|100%| O|  |TAMS 0x0000000082f00000, 0x0000000082f00000| Untracked 
|  19|0x0000000082f00000, 0x0000000083000000, 0x0000000083000000|100%| O|  |TAMS 0x0000000083000000, 0x0000000083000000| Untracked 
|  20|0x0000000083000000, 0x0000000083100000, 0x0000000083100000|100%| O|  |TAMS 0x0000000083100000, 0x0000000083100000| Untracked 
|  21|0x0000000083100000, 0x0000000083200000, 0x0000000083200000|100%| O|  |TAMS 0x0000000083200000, 0x0000000083200000| Untracked 
|  22|0x0000000083200000, 0x0000000083300000, 0x0000000083300000|100%| O|  |TAMS 0x0000000083300000, 0x0000000083300000| Untracked 
|  23|0x0000000083300000, 0x0000000083400000, 0x0000000083400000|100%| O|  |TAMS 0x0000000083400000, 0x0000000083400000| Untracked 
|  24|0x0000000083400000, 0x0000000083500000, 0x0000000083500000|100%| O|  |TAMS 0x0000000083500000, 0x0000000083500000| Untracked 
|  25|0x0000000083500000, 0x0000000083600000, 0x0000000083600000|100%| O|  |TAMS 0x0000000083600000, 0x0000000083600000| Untracked 
|  26|0x0000000083600000, 0x0000000083700000, 0x0000000083700000|100%| O|  |TAMS 0x0000000083700000, 0x0000000083700000| Untracked 
|  27|0x0000000083700000, 0x0000000083800000, 0x0000000083800000|100%| O|  |TAMS 0x0000000083800000, 0x0000000083800000| Untracked 
|  28|0x0000000083800000, 0x0000000083900000, 0x0000000083900000|100%| O|  |TAMS 0x0000000083900000, 0x0000000083900000| Untracked 
|  29|0x0000000083900000, 0x0000000083a00000, 0x0000000083a00000|100%| O|  |TAMS 0x0000000083a00000, 0x0000000083a00000| Untracked 
|  30|0x0000000083a00000, 0x0000000083b00000, 0x0000000083b00000|100%| O|  |TAMS 0x0000000083b00000, 0x0000000083b00000| Untracked 
|  31|0x0000000083b00000, 0x0000000083c00000, 0x0000000083c00000|100%| O|  |TAMS 0x0000000083c00000, 0x0000000083c00000| Untracked 
|  32|0x0000000083c00000, 0x0000000083d00000, 0x0000000083d00000|100%| O|  |TAMS 0x0000000083d00000, 0x0000000083d00000| Untracked 
|  33|0x0000000083d00000, 0x0000000083e00000, 0x0000000083e00000|100%| O|  |TAMS 0x0000000083e00000, 0x0000000083e00000| Untracked 
|  34|0x0000000083e00000, 0x0000000083f00000, 0x0000000083f00000|100%| O|  |TAMS 0x0000000083e6de00, 0x0000000083f00000| Untracked 
|  35|0x0000000083f00000, 0x0000000084000000, 0x0000000084000000|100%| O|  |TAMS 0x0000000084000000, 0x0000000084000000| Untracked 
|  36|0x0000000084000000, 0x0000000084100000, 0x0000000084100000|100%| O|  |TAMS 0x0000000084000000, 0x0000000084100000| Untracked 
|  37|0x0000000084100000, 0x0000000084200000, 0x0000000084200000|100%| O|  |TAMS 0x0000000084100000, 0x0000000084200000| Untracked 
|  38|0x0000000084200000, 0x0000000084300000, 0x0000000084300000|100%| O|  |TAMS 0x0000000084200000, 0x0000000084300000| Untracked 
|  39|0x0000000084300000, 0x0000000084400000, 0x0000000084400000|100%| O|  |TAMS 0x0000000084300000, 0x0000000084400000| Untracked 
|  40|0x0000000084400000, 0x0000000084500000, 0x0000000084500000|100%| O|  |TAMS 0x0000000084400000, 0x0000000084500000| Untracked 
|  41|0x0000000084500000, 0x0000000084600000, 0x0000000084600000|100%| O|  |TAMS 0x0000000084500000, 0x0000000084600000| Untracked 
|  42|0x0000000084600000, 0x0000000084700000, 0x0000000084700000|100%| O|  |TAMS 0x0000000084600000, 0x0000000084700000| Untracked 
|  43|0x0000000084700000, 0x0000000084800000, 0x0000000084800000|100%| O|  |TAMS 0x0000000084700000, 0x0000000084800000| Untracked 
|  44|0x0000000084800000, 0x0000000084900000, 0x0000000084900000|100%| O|  |TAMS 0x0000000084800000, 0x0000000084887a00| Untracked 
|  45|0x0000000084900000, 0x0000000084a00000, 0x0000000084a00000|100%| O|  |TAMS 0x0000000084900000, 0x0000000084900000| Untracked 
|  46|0x0000000084a00000, 0x0000000084a15a00, 0x0000000084b00000|  8%| O|  |TAMS 0x0000000084a00000, 0x0000000084a00000| Untracked 
|  47|0x0000000084b00000, 0x0000000084b00000, 0x0000000084c00000|  0%| F|  |TAMS 0x0000000084b00000, 0x0000000084b00000| Untracked 
|  48|0x0000000084c00000, 0x0000000084c00000, 0x0000000084d00000|  0%| F|  |TAMS 0x0000000084c00000, 0x0000000084c00000| Untracked 
|  49|0x0000000084d00000, 0x0000000084d00000, 0x0000000084e00000|  0%| F|  |TAMS 0x0000000084d00000, 0x0000000084d00000| Untracked 
|  50|0x0000000084e00000, 0x0000000084e00000, 0x0000000084f00000|  0%| F|  |TAMS 0x0000000084e00000, 0x0000000084e00000| Untracked 
|  51|0x0000000084f00000, 0x0000000084f00000, 0x0000000085000000|  0%| F|  |TAMS 0x0000000084f00000, 0x0000000084f00000| Untracked 
|  52|0x0000000085000000, 0x0000000085000000, 0x0000000085100000|  0%| F|  |TAMS 0x0000000085000000, 0x0000000085000000| Untracked 
|  53|0x0000000085100000, 0x0000000085100000, 0x0000000085200000|  0%| F|  |TAMS 0x0000000085100000, 0x0000000085100000| Untracked 
|  54|0x0000000085200000, 0x0000000085200000, 0x0000000085300000|  0%| F|  |TAMS 0x0000000085200000, 0x0000000085200000| Untracked 
|  55|0x0000000085300000, 0x0000000085300000, 0x0000000085400000|  0%| F|  |TAMS 0x0000000085300000, 0x0000000085300000| Untracked 
|  56|0x0000000085400000, 0x0000000085400000, 0x0000000085500000|  0%| F|  |TAMS 0x0000000085400000, 0x0000000085400000| Untracked 
|  57|0x0000000085500000, 0x00000000855b9050, 0x0000000085600000| 72%| S|CS|TAMS 0x0000000085500000, 0x0000000085500000| Complete 
|  58|0x0000000085600000, 0x0000000085700000, 0x0000000085700000|100%| S|CS|TAMS 0x0000000085600000, 0x0000000085600000| Complete 
|  59|0x0000000085700000, 0x0000000085700000, 0x0000000085800000|  0%| F|  |TAMS 0x0000000085700000, 0x0000000085700000| Untracked 
|  60|0x0000000085800000, 0x0000000085800000, 0x0000000085900000|  0%| F|  |TAMS 0x0000000085800000, 0x0000000085800000| Untracked 
|  61|0x0000000085900000, 0x0000000085900000, 0x0000000085a00000|  0%| F|  |TAMS 0x0000000085900000, 0x0000000085900000| Untracked 
|  62|0x0000000085a00000, 0x0000000085a00000, 0x0000000085b00000|  0%| F|  |TAMS 0x0000000085a00000, 0x0000000085a00000| Untracked 
|  63|0x0000000085b00000, 0x0000000085c00000, 0x0000000085c00000|100%| S|CS|TAMS 0x0000000085b00000, 0x0000000085b00000| Complete 
|  64|0x0000000085c00000, 0x0000000085c00000, 0x0000000085d00000|  0%| F|  |TAMS 0x0000000085c00000, 0x0000000085c00000| Untracked 
|  65|0x0000000085d00000, 0x0000000085d00000, 0x0000000085e00000|  0%| F|  |TAMS 0x0000000085d00000, 0x0000000085d00000| Untracked 
|  66|0x0000000085e00000, 0x0000000085e00000, 0x0000000085f00000|  0%| F|  |TAMS 0x0000000085e00000, 0x0000000085e00000| Untracked 
|  67|0x0000000085f00000, 0x0000000085f00000, 0x0000000086000000|  0%| F|  |TAMS 0x0000000085f00000, 0x0000000085f00000| Untracked 
|  68|0x0000000086000000, 0x0000000086000000, 0x0000000086100000|  0%| F|  |TAMS 0x0000000086000000, 0x0000000086000000| Untracked 
|  69|0x0000000086100000, 0x0000000086100000, 0x0000000086200000|  0%| F|  |TAMS 0x0000000086100000, 0x0000000086100000| Untracked 
|  70|0x0000000086200000, 0x0000000086200000, 0x0000000086300000|  0%| F|  |TAMS 0x0000000086200000, 0x0000000086200000| Untracked 
|  71|0x0000000086300000, 0x0000000086300000, 0x0000000086400000|  0%| F|  |TAMS 0x0000000086300000, 0x0000000086300000| Untracked 
|  72|0x0000000086400000, 0x0000000086400000, 0x0000000086500000|  0%| F|  |TAMS 0x0000000086400000, 0x0000000086400000| Untracked 
|  73|0x0000000086500000, 0x0000000086500000, 0x0000000086600000|  0%| F|  |TAMS 0x0000000086500000, 0x0000000086500000| Untracked 
|  74|0x0000000086600000, 0x0000000086600000, 0x0000000086700000|  0%| F|  |TAMS 0x0000000086600000, 0x0000000086600000| Untracked 
|  75|0x0000000086700000, 0x0000000086700000, 0x0000000086800000|  0%| F|  |TAMS 0x0000000086700000, 0x0000000086700000| Untracked 
|  76|0x0000000086800000, 0x0000000086800000, 0x0000000086900000|  0%| F|  |TAMS 0x0000000086800000, 0x0000000086800000| Untracked 
|  77|0x0000000086900000, 0x0000000086900000, 0x0000000086a00000|  0%| F|  |TAMS 0x0000000086900000, 0x0000000086900000| Untracked 
|  78|0x0000000086a00000, 0x0000000086a00000, 0x0000000086b00000|  0%| F|  |TAMS 0x0000000086a00000, 0x0000000086a00000| Untracked 
|  79|0x0000000086b00000, 0x0000000086b00000, 0x0000000086c00000|  0%| F|  |TAMS 0x0000000086b00000, 0x0000000086b00000| Untracked 
|  80|0x0000000086c00000, 0x0000000086c00000, 0x0000000086d00000|  0%| F|  |TAMS 0x0000000086c00000, 0x0000000086c00000| Untracked 
|  81|0x0000000086d00000, 0x0000000086d00000, 0x0000000086e00000|  0%| F|  |TAMS 0x0000000086d00000, 0x0000000086d00000| Untracked 
|  82|0x0000000086e00000, 0x0000000086e00000, 0x0000000086f00000|  0%| F|  |TAMS 0x0000000086e00000, 0x0000000086e00000| Untracked 
|  83|0x0000000086f00000, 0x0000000086f00000, 0x0000000087000000|  0%| F|  |TAMS 0x0000000086f00000, 0x0000000086f00000| Untracked 
|  84|0x0000000087000000, 0x0000000087000000, 0x0000000087100000|  0%| F|  |TAMS 0x0000000087000000, 0x0000000087000000| Untracked 
|  85|0x0000000087100000, 0x0000000087100000, 0x0000000087200000|  0%| F|  |TAMS 0x0000000087100000, 0x0000000087100000| Untracked 
|  86|0x0000000087200000, 0x0000000087200000, 0x0000000087300000|  0%| F|  |TAMS 0x0000000087200000, 0x0000000087200000| Untracked 
|  87|0x0000000087300000, 0x0000000087300000, 0x0000000087400000|  0%| F|  |TAMS 0x0000000087300000, 0x0000000087300000| Untracked 
|  88|0x0000000087400000, 0x0000000087400000, 0x0000000087500000|  0%| F|  |TAMS 0x0000000087400000, 0x0000000087400000| Untracked 
|  89|0x0000000087500000, 0x0000000087500000, 0x0000000087600000|  0%| F|  |TAMS 0x0000000087500000, 0x0000000087500000| Untracked 
|  90|0x0000000087600000, 0x0000000087600000, 0x0000000087700000|  0%| F|  |TAMS 0x0000000087600000, 0x0000000087600000| Untracked 
|  91|0x0000000087700000, 0x0000000087700000, 0x0000000087800000|  0%| F|  |TAMS 0x0000000087700000, 0x0000000087700000| Untracked 
|  92|0x0000000087800000, 0x0000000087800000, 0x0000000087900000|  0%| F|  |TAMS 0x0000000087800000, 0x0000000087800000| Untracked 
|  93|0x0000000087900000, 0x0000000087900000, 0x0000000087a00000|  0%| F|  |TAMS 0x0000000087900000, 0x0000000087900000| Untracked 
|  94|0x0000000087a00000, 0x0000000087a00000, 0x0000000087b00000|  0%| F|  |TAMS 0x0000000087a00000, 0x0000000087a00000| Untracked 
|  95|0x0000000087b00000, 0x0000000087b00000, 0x0000000087c00000|  0%| F|  |TAMS 0x0000000087b00000, 0x0000000087b00000| Untracked 
|  96|0x0000000087c00000, 0x0000000087c00000, 0x0000000087d00000|  0%| F|  |TAMS 0x0000000087c00000, 0x0000000087c00000| Untracked 
|  97|0x0000000087d00000, 0x0000000087d00000, 0x0000000087e00000|  0%| F|  |TAMS 0x0000000087d00000, 0x0000000087d00000| Untracked 
|  98|0x0000000087e00000, 0x0000000087e00000, 0x0000000087f00000|  0%| F|  |TAMS 0x0000000087e00000, 0x0000000087e00000| Untracked 
|  99|0x0000000087f00000, 0x0000000087f00000, 0x0000000088000000|  0%| F|  |TAMS 0x0000000087f00000, 0x0000000087f00000| Untracked 
| 100|0x0000000088000000, 0x0000000088000000, 0x0000000088100000|  0%| F|  |TAMS 0x0000000088000000, 0x0000000088000000| Untracked 
| 101|0x0000000088100000, 0x0000000088200000, 0x0000000088200000|100%| E|  |TAMS 0x0000000088100000, 0x0000000088100000| Complete 
| 102|0x0000000088200000, 0x0000000088300000, 0x0000000088300000|100%| E|CS|TAMS 0x0000000088200000, 0x0000000088200000| Complete 
| 103|0x0000000088300000, 0x0000000088400000, 0x0000000088400000|100%| E|CS|TAMS 0x0000000088300000, 0x0000000088300000| Complete 
| 104|0x0000000088400000, 0x0000000088500000, 0x0000000088500000|100%| E|CS|TAMS 0x0000000088400000, 0x0000000088400000| Complete 
| 105|0x0000000088500000, 0x0000000088600000, 0x0000000088600000|100%| E|CS|TAMS 0x0000000088500000, 0x0000000088500000| Complete 
| 106|0x0000000088600000, 0x0000000088700000, 0x0000000088700000|100%| E|CS|TAMS 0x0000000088600000, 0x0000000088600000| Complete 
| 107|0x0000000088700000, 0x0000000088800000, 0x0000000088800000|100%| E|CS|TAMS 0x0000000088700000, 0x0000000088700000| Complete 
| 108|0x0000000088800000, 0x0000000088900000, 0x0000000088900000|100%| E|CS|TAMS 0x0000000088800000, 0x0000000088800000| Complete 
| 109|0x0000000088900000, 0x0000000088a00000, 0x0000000088a00000|100%| E|CS|TAMS 0x0000000088900000, 0x0000000088900000| Complete 
| 110|0x0000000088a00000, 0x0000000088b00000, 0x0000000088b00000|100%| E|CS|TAMS 0x0000000088a00000, 0x0000000088a00000| Complete 
| 111|0x0000000088b00000, 0x0000000088c00000, 0x0000000088c00000|100%| E|CS|TAMS 0x0000000088b00000, 0x0000000088b00000| Complete 
| 112|0x0000000088c00000, 0x0000000088d00000, 0x0000000088d00000|100%| E|CS|TAMS 0x0000000088c00000, 0x0000000088c00000| Complete 
| 113|0x0000000088d00000, 0x0000000088e00000, 0x0000000088e00000|100%| E|CS|TAMS 0x0000000088d00000, 0x0000000088d00000| Complete 
| 114|0x0000000088e00000, 0x0000000088f00000, 0x0000000088f00000|100%| E|CS|TAMS 0x0000000088e00000, 0x0000000088e00000| Complete 
| 115|0x0000000088f00000, 0x0000000089000000, 0x0000000089000000|100%| E|CS|TAMS 0x0000000088f00000, 0x0000000088f00000| Complete 
| 126|0x0000000089a00000, 0x0000000089b00000, 0x0000000089b00000|100%| E|CS|TAMS 0x0000000089a00000, 0x0000000089a00000| Complete 
| 127|0x0000000089b00000, 0x0000000089c00000, 0x0000000089c00000|100%| E|CS|TAMS 0x0000000089b00000, 0x0000000089b00000| Complete 

Card table byte_map: [0x0000020e372d0000,0x0000020e376d0000] _byte_map_base: 0x0000020e36ec2000

Marking Bits (Prev, Next): (CMBitMap*) 0x0000020e2ebe8d60, (CMBitMap*) 0x0000020e2ebe8da0
 Prev Bits: [0x0000020e37ad0000, 0x0000020e39a60000)
 Next Bits: [0x0000020e39a60000, 0x0000020e3b9f0000)

Polling page: 0x0000020e2ec30000

Metaspace:

Usage:
  Non-class:     69.97 MB used.
      Class:     11.15 MB used.
       Both:     81.12 MB used.

Virtual space:
  Non-class space:      128.00 MB reserved,      70.25 MB ( 55%) committed,  2 nodes.
      Class space:        1.00 GB reserved,      11.44 MB (  1%) committed,  1 nodes.
             Both:        1.12 GB reserved,      81.69 MB (  7%) committed. 

Chunk freelists:
   Non-Class:  9.59 MB
       Class:  4.60 MB
        Both:  14.19 MB

MaxMetaspaceSize: unlimited
CompressedClassSpaceSize: 1.00 GB
Initial GC threshold: 21.00 MB
Current GC threshold: 117.75 MB
CDS: off
MetaspaceReclaimPolicy: balanced
 - commit_granule_bytes: 65536.
 - commit_granule_words: 8192.
 - virtual_space_node_default_size: 8388608.
 - enlarge_chunks_in_place: 1.
 - new_chunks_are_fully_committed: 0.
 - uncommit_free_chunks: 1.
 - use_allocation_guard: 0.
 - handle_deallocations: 1.


Internal statistics:

num_allocs_failed_limit: 15.
num_arena_births: 810.
num_arena_deaths: 0.
num_vsnodes_births: 3.
num_vsnodes_deaths: 0.
num_space_committed: 1307.
num_space_uncommitted: 0.
num_chunks_returned_to_freelist: 15.
num_chunks_taken_from_freelist: 3480.
num_chunk_merges: 12.
num_chunk_splits: 2492.
num_chunks_enlarged: 1912.
num_inconsistent_stats: 0.

CodeCache: size=49152Kb used=13861Kb max_used=13861Kb free=35291Kb
 bounds [0x0000020e33a30000, 0x0000020e347c0000, 0x0000020e36a30000]
 total_blobs=7742 nmethods=7044 adapters=623
 compilation: enabled
              stopped_count=0, restarted_count=0
 full_count=0

Compilation events (20 events):
Event: 15.202 Thread 0x0000020e3e2d0010 7006       1       org.springframework.core.MethodParameter::forExecutable (58 bytes)
Event: 15.202 Thread 0x0000020e3e0c37d0 7007       1       org.springframework.beans.factory.support.DefaultListableBeanFactory::resolveDependency (121 bytes)
Event: 15.202 Thread 0x0000020e3ea27c90 7008       1       org.springframework.beans.factory.config.DependencyDescriptor::initParameterNameDiscovery (16 bytes)
Event: 15.203 Thread 0x0000020e3ea27c90 nmethod 7008 0x0000020e347a1110 code [0x0000020e347a12a0, 0x0000020e347a13d8]
Event: 15.203 Thread 0x0000020e3e2d0010 nmethod 7006 0x0000020e347a1490 code [0x0000020e347a16a0, 0x0000020e347a1c98]
Event: 15.203 Thread 0x0000020e3e0c37d0 nmethod 7007 0x0000020e347a1f10 code [0x0000020e347a2160, 0x0000020e347a26b8]
Event: 15.206 Thread 0x0000020e3e0c37d0 7009       1       java.util.Iterator::forEachRemaining (30 bytes)
Event: 15.206 Thread 0x0000020e3e0c37d0 nmethod 7009 0x0000020e347a2990 code [0x0000020e347a2b60, 0x0000020e347a2d58]
Event: 15.207 Thread 0x0000020e3e0c37d0 7010       1       java.util.StringTokenizer::<init> (52 bytes)
Event: 15.207 Thread 0x0000020e3ea27c90 7011       1       java.util.StringTokenizer::setMaxDelimCodePoint (156 bytes)
Event: 15.208 Thread 0x0000020e3e0c37d0 nmethod 7010 0x0000020e347a2e90 code [0x0000020e347a3040, 0x0000020e347a3208]
Event: 15.208 Thread 0x0000020e3ea27c90 nmethod 7011 0x0000020e347a3310 code [0x0000020e347a3500, 0x0000020e347a3a78]
Event: 15.216 Thread 0x0000020e3e0c37d0 7012       1       org.springframework.core.BridgeMethodResolver::searchCandidates (115 bytes)
Event: 15.216 Thread 0x0000020e3ea27c90 7013       1       org.springframework.core.SerializableTypeWrapper$MethodParameterTypeProvider::<init> (59 bytes)
Event: 15.217 Thread 0x0000020e3ea27c90 nmethod 7013 0x0000020e347a3d90 code [0x0000020e347a3f60, 0x0000020e347a4278]
Event: 15.217 Thread 0x0000020e3e0c37d0 nmethod 7012 0x0000020e347a4390 code [0x0000020e347a4660, 0x0000020e347a4e18]
Event: 15.221 Thread 0x0000020e3ea27c90 7014       1       org.springframework.aop.framework.autoproxy.AbstractAutoProxyCreator::postProcessBeforeInstantiation (149 bytes)
Event: 15.223 Thread 0x0000020e3ea27c90 nmethod 7014 0x0000020e347a5290 code [0x0000020e347a55a0, 0x0000020e347a5f58]
Event: 15.226 Thread 0x0000020e3e2d0010 7015   !   1       jdk.proxy2.$Proxy34::annotationType (29 bytes)
Event: 15.227 Thread 0x0000020e3e2d0010 nmethod 7015 0x0000020e347a6690 code [0x0000020e347a6840, 0x0000020e347a6a58]

GC Heap History (20 events):
Event: 10.157 GC heap before
{Heap before GC invocations=20 (full 0):
 garbage-first heap   total 82944K, used 72561K [0x0000000081c00000, 0x0000000100000000)
  region size 1024K, 37 young (37888K), 3 survivors (3072K)
 Metaspace       used 52753K, committed 53248K, reserved 1114112K
  class space    used 6868K, committed 7104K, reserved 1048576K
}
Event: 10.164 GC heap after
{Heap after GC invocations=21 (full 0):
 garbage-first heap   total 82944K, used 35226K [0x0000000081c00000, 0x0000000100000000)
  region size 1024K, 5 young (5120K), 5 survivors (5120K)
 Metaspace       used 52753K, committed 53248K, reserved 1114112K
  class space    used 6868K, committed 7104K, reserved 1048576K
}
Event: 10.498 GC heap before
{Heap before GC invocations=21 (full 0):
 garbage-first heap   total 82944K, used 65946K [0x0000000081c00000, 0x0000000100000000)
  region size 1024K, 35 young (35840K), 5 survivors (5120K)
 Metaspace       used 53389K, committed 53888K, reserved 1114112K
  class space    used 6977K, committed 7232K, reserved 1048576K
}
Event: 10.505 GC heap after
{Heap after GC invocations=22 (full 0):
 garbage-first heap   total 82944K, used 36685K [0x0000000081c00000, 0x0000000100000000)
  region size 1024K, 2 young (2048K), 2 survivors (2048K)
 Metaspace       used 53389K, committed 53888K, reserved 1114112K
  class space    used 6977K, committed 7232K, reserved 1048576K
}
Event: 10.828 GC heap before
{Heap before GC invocations=22 (full 0):
 garbage-first heap   total 82944K, used 66381K [0x0000000081c00000, 0x0000000100000000)
  region size 1024K, 31 young (31744K), 2 survivors (2048K)
 Metaspace       used 54420K, committed 54848K, reserved 1114112K
  class space    used 7141K, committed 7360K, reserved 1048576K
}
Event: 10.833 GC heap after
{Heap after GC invocations=23 (full 0):
 garbage-first heap   total 82944K, used 37565K [0x0000000081c00000, 0x0000000100000000)
  region size 1024K, 3 young (3072K), 3 survivors (3072K)
 Metaspace       used 54420K, committed 54848K, reserved 1114112K
  class space    used 7141K, committed 7360K, reserved 1048576K
}
Event: 11.591 GC heap before
{Heap before GC invocations=23 (full 0):
 garbage-first heap   total 82944K, used 63165K [0x0000000081c00000, 0x0000000100000000)
  region size 1024K, 29 young (29696K), 3 survivors (3072K)
 Metaspace       used 60377K, committed 60800K, reserved 1114112K
  class space    used 8052K, committed 8256K, reserved 1048576K
}
Event: 11.597 GC heap after
{Heap after GC invocations=24 (full 0):
 garbage-first heap   total 100352K, used 38643K [0x0000000081c00000, 0x0000000100000000)
  region size 1024K, 3 young (3072K), 3 survivors (3072K)
 Metaspace       used 60377K, committed 60800K, reserved 1114112K
  class space    used 8052K, committed 8256K, reserved 1048576K
}
Event: 12.665 GC heap before
{Heap before GC invocations=25 (full 0):
 garbage-first heap   total 100352K, used 81651K [0x0000000081c00000, 0x0000000100000000)
  region size 1024K, 45 young (46080K), 3 survivors (3072K)
 Metaspace       used 70950K, committed 71424K, reserved 1114112K
  class space    used 9515K, committed 9728K, reserved 1048576K
}
Event: 12.672 GC heap after
{Heap after GC invocations=26 (full 0):
 garbage-first heap   total 100352K, used 41508K [0x0000000081c00000, 0x0000000100000000)
  region size 1024K, 6 young (6144K), 6 survivors (6144K)
 Metaspace       used 70950K, committed 71424K, reserved 1114112K
  class space    used 9515K, committed 9728K, reserved 1048576K
}
Event: 13.528 GC heap before
{Heap before GC invocations=27 (full 0):
 garbage-first heap   total 100352K, used 81444K [0x0000000081c00000, 0x0000000100000000)
  region size 1024K, 45 young (46080K), 6 survivors (6144K)
 Metaspace       used 77670K, committed 78208K, reserved 1179648K
  class space    used 10604K, committed 10880K, reserved 1048576K
}
Event: 13.537 GC heap after
{Heap after GC invocations=28 (full 0):
 garbage-first heap   total 100352K, used 43833K [0x0000000081c00000, 0x0000000100000000)
  region size 1024K, 6 young (6144K), 6 survivors (6144K)
 Metaspace       used 77670K, committed 78208K, reserved 1179648K
  class space    used 10604K, committed 10880K, reserved 1048576K
}
Event: 13.960 GC heap before
{Heap before GC invocations=28 (full 0):
 garbage-first heap   total 100352K, used 81721K [0x0000000081c00000, 0x0000000100000000)
  region size 1024K, 43 young (44032K), 6 survivors (6144K)
 Metaspace       used 79774K, committed 80320K, reserved 1179648K
  class space    used 10889K, committed 11136K, reserved 1048576K
}
Event: 13.968 GC heap after
{Heap after GC invocations=29 (full 0):
 garbage-first heap   total 100352K, used 45463K [0x0000000081c00000, 0x0000000100000000)
  region size 1024K, 4 young (4096K), 4 survivors (4096K)
 Metaspace       used 79774K, committed 80320K, reserved 1179648K
  class space    used 10889K, committed 11136K, reserved 1048576K
}
Event: 14.361 GC heap before
{Heap before GC invocations=29 (full 0):
 garbage-first heap   total 100352K, used 83351K [0x0000000081c00000, 0x0000000100000000)
  region size 1024K, 41 young (41984K), 4 survivors (4096K)
 Metaspace       used 80446K, committed 81024K, reserved 1179648K
  class space    used 11006K, committed 11264K, reserved 1048576K
}
Event: 14.370 GC heap after
{Heap after GC invocations=30 (full 0):
 garbage-first heap   total 100352K, used 47242K [0x0000000081c00000, 0x0000000100000000)
  region size 1024K, 4 young (4096K), 4 survivors (4096K)
 Metaspace       used 80446K, committed 81024K, reserved 1179648K
  class space    used 11006K, committed 11264K, reserved 1048576K
}
Event: 14.784 GC heap before
{Heap before GC invocations=30 (full 0):
 garbage-first heap   total 100352K, used 83082K [0x0000000081c00000, 0x0000000100000000)
  region size 1024K, 39 young (39936K), 4 survivors (4096K)
 Metaspace       used 81549K, committed 82176K, reserved 1179648K
  class space    used 11187K, committed 11456K, reserved 1048576K
}
Event: 14.792 GC heap after
{Heap after GC invocations=31 (full 0):
 garbage-first heap   total 100352K, used 48838K [0x0000000081c00000, 0x0000000100000000)
  region size 1024K, 4 young (4096K), 4 survivors (4096K)
 Metaspace       used 81549K, committed 82176K, reserved 1179648K
  class space    used 11187K, committed 11456K, reserved 1048576K
}
Event: 15.171 GC heap before
{Heap before GC invocations=31 (full 0):
 garbage-first heap   total 100352K, used 83654K [0x0000000081c00000, 0x0000000100000000)
  region size 1024K, 38 young (38912K), 4 survivors (4096K)
 Metaspace       used 82907K, committed 83520K, reserved 1179648K
  class space    used 11385K, committed 11712K, reserved 1048576K
}
Event: 15.179 GC heap after
{Heap after GC invocations=32 (full 0):
 garbage-first heap   total 120832K, used 49978K [0x0000000081c00000, 0x0000000100000000)
  region size 1024K, 3 young (3072K), 3 survivors (3072K)
 Metaspace       used 82907K, committed 83520K, reserved 1179648K
  class space    used 11385K, committed 11712K, reserved 1048576K
}

Dll operation events (9 events):
Event: 0.010 Loaded shared library C:\Users\Kapil Dev\.p2\pool\plugins\org.eclipse.justj.openjdk.hotspot.jre.full.win32.x86_64_17.0.9.v20231028-0858\jre\bin\java.dll
Event: 0.303 Loaded shared library C:\Users\Kapil Dev\.p2\pool\plugins\org.eclipse.justj.openjdk.hotspot.jre.full.win32.x86_64_17.0.9.v20231028-0858\jre\bin\jimage.dll
Event: 0.323 Loaded shared library C:\Users\Kapil Dev\.p2\pool\plugins\org.eclipse.justj.openjdk.hotspot.jre.full.win32.x86_64_17.0.9.v20231028-0858\jre\bin\net.dll
Event: 0.326 Loaded shared library C:\Users\Kapil Dev\.p2\pool\plugins\org.eclipse.justj.openjdk.hotspot.jre.full.win32.x86_64_17.0.9.v20231028-0858\jre\bin\nio.dll
Event: 0.334 Loaded shared library C:\Users\Kapil Dev\.p2\pool\plugins\org.eclipse.justj.openjdk.hotspot.jre.full.win32.x86_64_17.0.9.v20231028-0858\jre\bin\zip.dll
Event: 0.479 Loaded shared library C:\Users\Kapil Dev\.p2\pool\plugins\org.eclipse.justj.openjdk.hotspot.jre.full.win32.x86_64_17.0.9.v20231028-0858\jre\bin\management.dll
Event: 0.496 Loaded shared library C:\Users\Kapil Dev\.p2\pool\plugins\org.eclipse.justj.openjdk.hotspot.jre.full.win32.x86_64_17.0.9.v20231028-0858\jre\bin\management_ext.dll
Event: 3.505 Loaded shared library C:\Users\Kapil Dev\.p2\pool\plugins\org.eclipse.justj.openjdk.hotspot.jre.full.win32.x86_64_17.0.9.v20231028-0858\jre\bin\sunmscapi.dll
Event: 11.293 Loaded shared library C:\Users\Kapil Dev\.p2\pool\plugins\org.eclipse.justj.openjdk.hotspot.jre.full.win32.x86_64_17.0.9.v20231028-0858\jre\bin\verify.dll

Deoptimization events (20 events):
Event: 2.223 Thread 0x0000020e43644270 DEOPT PACKING pc=0x0000020e33c4008c sp=0x0000006c364fd800
Event: 2.223 Thread 0x0000020e43644270 DEOPT UNPACKING pc=0x0000020e33a87143 sp=0x0000006c364fccc8 mode 0
Event: 4.726 Thread 0x0000020e43643850 DEOPT PACKING pc=0x0000020e33e981fd sp=0x0000006c367fd590
Event: 4.726 Thread 0x0000020e43643850 DEOPT UNPACKING pc=0x0000020e33a87143 sp=0x0000006c367fcaf8 mode 3
Event: 4.823 Thread 0x0000020e43644270 DEOPT PACKING pc=0x0000020e34105999 sp=0x0000006c364fca10
Event: 4.823 Thread 0x0000020e43644270 DEOPT UNPACKING pc=0x0000020e33a87143 sp=0x0000006c364fbef0 mode 3
Event: 5.058 Thread 0x0000020e43644270 DEOPT PACKING pc=0x0000020e3412fb55 sp=0x0000006c364fd1e0
Event: 5.058 Thread 0x0000020e43644270 DEOPT UNPACKING pc=0x0000020e33a87143 sp=0x0000006c364fc688 mode 3
Event: 7.523 Thread 0x0000020e43644270 DEOPT PACKING pc=0x0000020e343ad099 sp=0x0000006c364fd620
Event: 7.523 Thread 0x0000020e43644270 DEOPT UNPACKING pc=0x0000020e33a87143 sp=0x0000006c364fcb00 mode 3
Event: 8.185 Thread 0x0000020e43644270 DEOPT PACKING pc=0x0000020e3444280a sp=0x0000006c364fd480
Event: 8.185 Thread 0x0000020e43644270 DEOPT UNPACKING pc=0x0000020e33a87143 sp=0x0000006c364fca18 mode 0
Event: 9.311 Thread 0x0000020e43644270 DEOPT PACKING pc=0x0000020e33fa4952 sp=0x0000006c364fcb40
Event: 9.311 Thread 0x0000020e43644270 DEOPT UNPACKING pc=0x0000020e33a87143 sp=0x0000006c364fc048 mode 3
Event: 9.314 Thread 0x0000020e43644270 DEOPT PACKING pc=0x0000020e33f97945 sp=0x0000006c364fcb00
Event: 9.314 Thread 0x0000020e43644270 DEOPT UNPACKING pc=0x0000020e33a87143 sp=0x0000006c364fc048 mode 3
Event: 10.521 Thread 0x0000020e43644270 DEOPT PACKING pc=0x0000020e343f47cc sp=0x0000006c364fa730
Event: 10.521 Thread 0x0000020e43644270 DEOPT UNPACKING pc=0x0000020e33a87143 sp=0x0000006c364f9bc8 mode 3
Event: 13.746 Thread 0x0000020e43644270 DEOPT PACKING pc=0x0000020e340fe094 sp=0x0000006c364fbe80
Event: 13.746 Thread 0x0000020e43644270 DEOPT UNPACKING pc=0x0000020e33a87143 sp=0x0000006c364fb3d8 mode 0

Classes unloaded (0 events):
No events

Classes redefined (0 events):
No events

Internal exceptions (20 events):
Event: 13.176 Thread 0x0000020e43644270 Exception <a 'java/lang/NoSuchMethodError'{0x0000000086c749d8}: 'java.lang.Object java.lang.invoke.DirectMethodHandle$Holder.invokeSpecial(java.lang.Object, java.lang.Object, java.lang.Object, java.lang.Object, java.lang.Object, java.lang.Object, java.lang.Object, java.lang.Object, java.lang.Object, java.lang.Object, java.lang.Object, java.lang.Object, java.lang.Object)'> (0x0000000086c749d8) 
thrown [s\src\hotspot\share\interpreter\linkResolver.cpp, line 759]
Event: 13.176 Thread 0x0000020e43644270 Exception <a 'java/lang/NoSuchMethodError'{0x0000000086c790f0}: 'java.lang.Object java.lang.invoke.Invokers$Holder.linkToTargetMethod(java.lang.Object, java.lang.Object, java.lang.Object, java.lang.Object, java.lang.Object, java.lang.Object, java.lang.Object, java.lang.Object, java.lang.Object, java.lang.Object, java.lang.Object, java.lang.Object)'> (0x0000000086c790f0) 
thrown [s\src\hotspot\share\interpreter\linkResolver.cpp, line 759]
Event: 13.217 Thread 0x0000020e43644270 Exception <a 'java/lang/NoSuchMethodError'{0x0000000086a2d938}: 'java.lang.Object java.lang.invoke.DirectMethodHandle$Holder.newInvokeSpecial(java.lang.Object, java.lang.Object, java.lang.Object, java.lang.Object, java.lang.Object, java.lang.Object)'> (0x0000000086a2d938) 
thrown [s\src\hotspot\share\interpreter\linkResolver.cpp, line 759]
Event: 13.228 Thread 0x0000020e43644270 Exception <a 'java/lang/NoSuchMethodError'{0x0000000086aa8b68}: 'java.lang.Object java.lang.invoke.DirectMethodHandle$Holder.newInvokeSpecial(java.lang.Object, java.lang.Object, java.lang.Object, java.lang.Object, java.lang.Object, java.lang.Object, java.lang.Object, int)'> (0x0000000086aa8b68) 
thrown [s\src\hotspot\share\interpreter\linkResolver.cpp, line 759]
Event: 13.229 Thread 0x0000020e43644270 Exception <a 'java/lang/NoSuchMethodError'{0x0000000086aade08}: 'java.lang.Object java.lang.invoke.DirectMethodHandle$Holder.invokeSpecial(java.lang.Object, java.lang.Object, java.lang.Object, java.lang.Object, java.lang.Object, java.lang.Object, java.lang.Object, java.lang.Object, int)'> (0x0000000086aade08) 
thrown [s\src\hotspot\share\interpreter\linkResolver.cpp, line 759]
Event: 13.229 Thread 0x0000020e43644270 Exception <a 'java/lang/NoSuchMethodError'{0x0000000086ab28d0}: 'java.lang.Object java.lang.invoke.Invokers$Holder.linkToTargetMethod(java.lang.Object, java.lang.Object, java.lang.Object, java.lang.Object, java.lang.Object, java.lang.Object, int, java.lang.Object)'> (0x0000000086ab28d0) 
thrown [s\src\hotspot\share\interpreter\linkResolver.cpp, line 759]
Event: 13.252 Thread 0x0000020e43644270 Exception <a 'java/lang/NoSuchMethodError'{0x000000008698cda8}: 'void java.lang.invoke.DirectMethodHandle$Holder.invokeInterface(java.lang.Object, java.lang.Object)'> (0x000000008698cda8) 
thrown [s\src\hotspot\share\interpreter\linkResolver.cpp, line 759]
Event: 13.582 Thread 0x0000020e43644270 Exception <a 'java/lang/IncompatibleClassChangeError'{0x0000000087ff7d38}: Found class java.lang.Object, but interface was expected> (0x0000000087ff7d38) 
thrown [s\src\hotspot\share\interpreter\linkResolver.cpp, line 826]
Event: 13.634 Thread 0x0000020e43644270 Exception <a 'java/lang/IncompatibleClassChangeError'{0x0000000087392f38}: Found class java.lang.Object, but interface was expected> (0x0000000087392f38) 
thrown [s\src\hotspot\share\interpreter\linkResolver.cpp, line 826]
Event: 13.782 Thread 0x0000020e43644270 Exception <a 'java/lang/IncompatibleClassChangeError'{0x0000000086b59488}: Found class java.lang.Object, but interface was expected> (0x0000000086b59488) 
thrown [s\src\hotspot\share\interpreter\linkResolver.cpp, line 826]
Event: 13.909 Thread 0x0000020e43644270 Exception <a 'java/lang/reflect/InvocationTargetException'{0x0000000085c6a878}> (0x0000000085c6a878) 
thrown [s\src\hotspot\share\runtime\reflection.cpp, line 1121]
Event: 14.006 Thread 0x0000020e43644270 Exception <a 'java/lang/NoSuchMethodError'{0x0000000089a8dab8}: 'java.lang.Object java.lang.invoke.DirectMethodHandle$Holder.newInvokeSpecial(java.lang.Object, java.lang.Object, int, java.lang.Object, java.lang.Object)'> (0x0000000089a8dab8) 
thrown [s\src\hotspot\share\interpreter\linkResolver.cpp, line 759]
Event: 14.352 Thread 0x0000020e43644270 Exception <a 'java/lang/NoSuchMethodError'{0x000000008599e710}: 'void java.lang.invoke.DirectMethodHandle$Holder.invokeStatic(java.lang.Object, java.lang.Object, java.lang.Object, int)'> (0x000000008599e710) 
thrown [s\src\hotspot\share\interpreter\linkResolver.cpp, line 759]
Event: 14.428 Thread 0x0000020e43644270 Exception <a 'java/lang/IncompatibleClassChangeError'{0x0000000088173e80}: Found class java.lang.Object, but interface was expected> (0x0000000088173e80) 
thrown [s\src\hotspot\share\interpreter\linkResolver.cpp, line 826]
Event: 14.559 Thread 0x0000020e43644270 Exception <a 'java/lang/NoSuchMethodError'{0x0000000086e90760}: 'java.lang.Object java.lang.invoke.DirectMethodHandle$Holder.invokeStatic(java.lang.Object, long, java.lang.Object)'> (0x0000000086e90760) 
thrown [s\src\hotspot\share\interpreter\linkResolver.cpp, line 759]
Event: 14.559 Thread 0x0000020e43644270 Exception <a 'java/lang/NoSuchMethodError'{0x0000000086e97198}: 'java.lang.Object java.lang.invoke.DirectMethodHandle$Holder.newInvokeSpecial(java.lang.Object, long)'> (0x0000000086e97198) 
thrown [s\src\hotspot\share\interpreter\linkResolver.cpp, line 759]
Event: 14.560 Thread 0x0000020e43644270 Exception <a 'java/lang/IncompatibleClassChangeError'{0x0000000086ea4560}: Found class java.lang.Object, but interface was expected> (0x0000000086ea4560) 
thrown [s\src\hotspot\share\interpreter\linkResolver.cpp, line 826]
Event: 14.578 Thread 0x0000020e43644270 Exception <a 'java/lang/NoSuchMethodError'{0x0000000086d955d8}: 'double java.lang.invoke.DirectMethodHandle$Holder.invokeStatic(java.lang.Object, java.lang.Object)'> (0x0000000086d955d8) 
thrown [s\src\hotspot\share\interpreter\linkResolver.cpp, line 759]
Event: 14.591 Thread 0x0000020e43644270 Exception <a 'java/lang/NoSuchMethodError'{0x0000000086c1a250}: 'double java.lang.invoke.DirectMethodHandle$Holder.invokeSpecial(java.lang.Object, java.lang.Object, java.lang.Object)'> (0x0000000086c1a250) 
thrown [s\src\hotspot\share\interpreter\linkResolver.cpp, line 759]
Event: 15.206 Thread 0x0000020e43644270 Exception <a 'sun/nio/fs/WindowsException'{0x0000000088f558a8}> (0x0000000088f558a8) 
thrown [s\src\hotspot\share\prims\jni.cpp, line 516]

VM Operations (20 events):
Event: 13.960 Executing VM operation: G1CollectForAllocation
Event: 13.968 Executing VM operation: G1CollectForAllocation done
Event: 14.004 Executing VM operation: HandshakeAllThreads
Event: 14.004 Executing VM operation: HandshakeAllThreads done
Event: 14.361 Executing VM operation: G1CollectForAllocation
Event: 14.370 Executing VM operation: G1CollectForAllocation done
Event: 14.478 Executing VM operation: HandshakeAllThreads
Event: 14.478 Executing VM operation: HandshakeAllThreads done
Event: 14.754 Executing VM operation: HandshakeAllThreads
Event: 14.754 Executing VM operation: HandshakeAllThreads done
Event: 14.784 Executing VM operation: G1CollectForAllocation
Event: 14.792 Executing VM operation: G1CollectForAllocation done
Event: 14.970 Executing VM operation: HandshakeAllThreads
Event: 14.970 Executing VM operation: HandshakeAllThreads done
Event: 15.056 Executing VM operation: HandshakeAllThreads
Event: 15.056 Executing VM operation: HandshakeAllThreads done
Event: 15.056 Executing VM operation: HandshakeAllThreads
Event: 15.056 Executing VM operation: HandshakeAllThreads done
Event: 15.171 Executing VM operation: G1CollectForAllocation
Event: 15.179 Executing VM operation: G1CollectForAllocation done

Events (20 events):
Event: 14.753 loading class java/util/ArrayList$ListItr
Event: 14.753 loading class java/util/ArrayList$ListItr done
Event: 15.041 loading class java/util/regex/PatternSyntaxException
Event: 15.041 loading class java/util/regex/PatternSyntaxException done
Event: 15.046 loading class java/util/Comparators$NullComparator
Event: 15.046 loading class java/util/Comparators$NullComparator done
Event: 15.059 loading class sun/reflect/annotation/TypeAnnotation$TypeAnnotationTarget
Event: 15.059 loading class sun/reflect/annotation/TypeAnnotation$TypeAnnotationTarget done
Event: 15.059 loading class sun/reflect/annotation/TypeAnnotationParser
Event: 15.059 loading class sun/reflect/annotation/TypeAnnotationParser done
Event: 15.059 loading class sun/reflect/annotation/TypeAnnotation
Event: 15.060 loading class sun/reflect/annotation/TypeAnnotation done
Event: 15.060 loading class sun/reflect/annotation/AnnotatedTypeFactory
Event: 15.060 loading class sun/reflect/annotation/AnnotatedTypeFactory done
Event: 15.060 loading class sun/reflect/annotation/AnnotatedTypeFactory$AnnotatedTypeBaseImpl
Event: 15.060 loading class sun/reflect/annotation/AnnotatedTypeFactory$AnnotatedTypeBaseImpl done
Event: 15.060 loading class sun/reflect/annotation/TypeAnnotation$LocationInfo
Event: 15.060 loading class sun/reflect/annotation/TypeAnnotation$LocationInfo done
Event: 15.060 loading class sun/reflect/annotation/TypeAnnotation$LocationInfo$Location
Event: 15.060 loading class sun/reflect/annotation/TypeAnnotation$LocationInfo$Location done


Dynamic libraries:
0x00007ff7101c0000 - 0x00007ff7101ce000 	C:\Users\Kapil Dev\.p2\pool\plugins\org.eclipse.justj.openjdk.hotspot.jre.full.win32.x86_64_17.0.9.v20231028-0858\jre\bin\javaw.exe
0x00007ffce28d0000 - 0x00007ffce2ac8000 	C:\WINDOWS\SYSTEM32\ntdll.dll
0x00007ffce1160000 - 0x00007ffce121d000 	C:\WINDOWS\System32\KERNEL32.DLL
0x00007ffce0160000 - 0x00007ffce0456000 	C:\WINDOWS\System32\KERNELBASE.dll
0x00007ffce0800000 - 0x00007ffce0900000 	C:\WINDOWS\System32\ucrtbase.dll
0x00007ffcdd8a0000 - 0x00007ffcdd8b7000 	C:\Users\Kapil Dev\.p2\pool\plugins\org.eclipse.justj.openjdk.hotspot.jre.full.win32.x86_64_17.0.9.v20231028-0858\jre\bin\jli.dll
0x00007ffce2650000 - 0x00007ffce27ee000 	C:\WINDOWS\System32\USER32.dll
0x00007ffce07d0000 - 0x00007ffce07f2000 	C:\WINDOWS\System32\win32u.dll
0x00007ffce1950000 - 0x00007ffce197b000 	C:\WINDOWS\System32\GDI32.dll
0x00007ffce04f0000 - 0x00007ffce0607000 	C:\WINDOWS\System32\gdi32full.dll
0x00007ffce0730000 - 0x00007ffce07cd000 	C:\WINDOWS\System32\msvcp_win.dll
0x00007ffcdb590000 - 0x00007ffcdb5ab000 	C:\Users\Kapil Dev\.p2\pool\plugins\org.eclipse.justj.openjdk.hotspot.jre.full.win32.x86_64_17.0.9.v20231028-0858\jre\bin\VCRUNTIME140.dll
0x00007ffcc15a0000 - 0x00007ffcc183a000 	C:\WINDOWS\WinSxS\amd64_microsoft.windows.common-controls_6595b64144ccf1df_6.0.19041.3636_none_60b6a03d71f818d5\COMCTL32.dll
0x00007ffce1710000 - 0x00007ffce17ae000 	C:\WINDOWS\System32\msvcrt.dll
0x00007ffce27f0000 - 0x00007ffce2822000 	C:\WINDOWS\System32\IMM32.DLL
0x00007ffcddfd0000 - 0x00007ffcddfdc000 	C:\Users\Kapil Dev\.p2\pool\plugins\org.eclipse.justj.openjdk.hotspot.jre.full.win32.x86_64_17.0.9.v20231028-0858\jre\bin\vcruntime140_1.dll
0x00007ffcdab10000 - 0x00007ffcdab9d000 	C:\Users\Kapil Dev\.p2\pool\plugins\org.eclipse.justj.openjdk.hotspot.jre.full.win32.x86_64_17.0.9.v20231028-0858\jre\bin\msvcp140.dll
0x00007ffc977e0000 - 0x00007ffc98441000 	C:\Users\Kapil Dev\.p2\pool\plugins\org.eclipse.justj.openjdk.hotspot.jre.full.win32.x86_64_17.0.9.v20231028-0858\jre\bin\server\jvm.dll
0x00007ffce1a60000 - 0x00007ffce1b10000 	C:\WINDOWS\System32\ADVAPI32.dll
0x00007ffce1c40000 - 0x00007ffce1ce0000 	C:\WINDOWS\System32\sechost.dll
0x00007ffce1ce0000 - 0x00007ffce1e05000 	C:\WINDOWS\System32\RPCRT4.dll
0x00007ffcdff80000 - 0x00007ffcdffa7000 	C:\WINDOWS\System32\bcrypt.dll
0x00007ffcdfd30000 - 0x00007ffcdfd7b000 	C:\WINDOWS\SYSTEM32\POWRPROF.dll
0x00007ffcc41a0000 - 0x00007ffcc41a9000 	C:\WINDOWS\SYSTEM32\WSOCK32.dll
0x00007ffcc51f0000 - 0x00007ffcc5217000 	C:\WINDOWS\SYSTEM32\WINMM.dll
0x00007ffce19e0000 - 0x00007ffce1a4b000 	C:\WINDOWS\System32\WS2_32.dll
0x00007ffcd55e0000 - 0x00007ffcd55ea000 	C:\WINDOWS\SYSTEM32\VERSION.dll
0x00007ffcdfd10000 - 0x00007ffcdfd22000 	C:\WINDOWS\SYSTEM32\UMPDC.dll
0x00007ffcde7c0000 - 0x00007ffcde7d2000 	C:\WINDOWS\SYSTEM32\kernel.appcore.dll
0x00007ffcdd900000 - 0x00007ffcdd90a000 	C:\Users\Kapil Dev\.p2\pool\plugins\org.eclipse.justj.openjdk.hotspot.jre.full.win32.x86_64_17.0.9.v20231028-0858\jre\bin\jimage.dll
0x00007ffcdb650000 - 0x00007ffcdb834000 	C:\WINDOWS\SYSTEM32\DBGHELP.DLL
0x00007ffcd4d70000 - 0x00007ffcd4da4000 	C:\WINDOWS\SYSTEM32\dbgcore.DLL
0x00007ffce0460000 - 0x00007ffce04e2000 	C:\WINDOWS\System32\bcryptPrimitives.dll
0x00007ffcdabe0000 - 0x00007ffcdac05000 	C:\Users\Kapil Dev\.p2\pool\plugins\org.eclipse.justj.openjdk.hotspot.jre.full.win32.x86_64_17.0.9.v20231028-0858\jre\bin\java.dll
0x00007ffcdb340000 - 0x00007ffcdb358000 	C:\Users\Kapil Dev\.p2\pool\plugins\org.eclipse.justj.openjdk.hotspot.jre.full.win32.x86_64_17.0.9.v20231028-0858\jre\bin\zip.dll
0x00007ffce1ee0000 - 0x00007ffce264b000 	C:\WINDOWS\System32\SHELL32.dll
0x00007ffcde010000 - 0x00007ffcde7ae000 	C:\WINDOWS\SYSTEM32\windows.storage.dll
0x00007ffce0a90000 - 0x00007ffce0de3000 	C:\WINDOWS\System32\combase.dll
0x00007ffcdf940000 - 0x00007ffcdf96e000 	C:\WINDOWS\SYSTEM32\Wldp.dll
0x00007ffce1e10000 - 0x00007ffce1edd000 	C:\WINDOWS\System32\OLEAUT32.dll
0x00007ffce09e0000 - 0x00007ffce0a8d000 	C:\WINDOWS\System32\SHCORE.dll
0x00007ffce1980000 - 0x00007ffce19d5000 	C:\WINDOWS\System32\shlwapi.dll
0x00007ffcdfeb0000 - 0x00007ffcdfed5000 	C:\WINDOWS\SYSTEM32\profapi.dll
0x00007ffcdb290000 - 0x00007ffcdb2a9000 	C:\Users\Kapil Dev\.p2\pool\plugins\org.eclipse.justj.openjdk.hotspot.jre.full.win32.x86_64_17.0.9.v20231028-0858\jre\bin\net.dll
0x00007ffcd4a10000 - 0x00007ffcd4b1a000 	C:\WINDOWS\SYSTEM32\WINHTTP.dll
0x00007ffcdf6a0000 - 0x00007ffcdf70a000 	C:\WINDOWS\system32\mswsock.dll
0x00007ffcdb240000 - 0x00007ffcdb256000 	C:\Users\Kapil Dev\.p2\pool\plugins\org.eclipse.justj.openjdk.hotspot.jre.full.win32.x86_64_17.0.9.v20231028-0858\jre\bin\nio.dll
0x00007ffcdb3e0000 - 0x00007ffcdb3e9000 	C:\Users\Kapil Dev\.p2\pool\plugins\org.eclipse.justj.openjdk.hotspot.jre.full.win32.x86_64_17.0.9.v20231028-0858\jre\bin\management.dll
0x00007ffcdb1c0000 - 0x00007ffcdb1cb000 	C:\Users\Kapil Dev\.p2\pool\plugins\org.eclipse.justj.openjdk.hotspot.jre.full.win32.x86_64_17.0.9.v20231028-0858\jre\bin\management_ext.dll
0x00007ffce0fa0000 - 0x00007ffce0fa8000 	C:\WINDOWS\System32\PSAPI.DLL
0x00007ffcc10a0000 - 0x00007ffcc10b7000 	C:\WINDOWS\system32\napinsp.dll
0x00007ffcc1080000 - 0x00007ffcc109b000 	C:\WINDOWS\system32\pnrpnsp.dll
0x00007ffcc1060000 - 0x00007ffcc1075000 	C:\WINDOWS\system32\wshbth.dll
0x00007ffcd73e0000 - 0x00007ffcd73fd000 	C:\WINDOWS\system32\NLAapi.dll
0x00007ffcdf390000 - 0x00007ffcdf3cb000 	C:\WINDOWS\SYSTEM32\IPHLPAPI.DLL
0x00007ffcdf3d0000 - 0x00007ffcdf49b000 	C:\WINDOWS\SYSTEM32\DNSAPI.dll
0x00007ffce17b0000 - 0x00007ffce17b8000 	C:\WINDOWS\System32\NSI.dll
0x00007ffcc1040000 - 0x00007ffcc1052000 	C:\WINDOWS\System32\winrnr.dll
0x00007ffcca770000 - 0x00007ffcca77a000 	C:\Windows\System32\rasadhlp.dll
0x00007ffcca790000 - 0x00007ffcca810000 	C:\WINDOWS\System32\fwpuclnt.dll
0x00007ffcdf890000 - 0x00007ffcdf8a8000 	C:\WINDOWS\SYSTEM32\CRYPTSP.dll
0x00007ffcdefd0000 - 0x00007ffcdf004000 	C:\WINDOWS\system32\rsaenh.dll
0x00007ffcdfe70000 - 0x00007ffcdfe9e000 	C:\WINDOWS\SYSTEM32\USERENV.dll
0x00007ffcdf8b0000 - 0x00007ffcdf8bc000 	C:\WINDOWS\SYSTEM32\CRYPTBASE.dll
0x00007ffcd4db0000 - 0x00007ffcd4dc7000 	C:\WINDOWS\SYSTEM32\dhcpcsvc6.DLL
0x00007ffcd5880000 - 0x00007ffcd589d000 	C:\WINDOWS\SYSTEM32\dhcpcsvc.DLL
0x00007ffcdb1b0000 - 0x00007ffcdb1be000 	C:\Users\Kapil Dev\.p2\pool\plugins\org.eclipse.justj.openjdk.hotspot.jre.full.win32.x86_64_17.0.9.v20231028-0858\jre\bin\sunmscapi.dll
0x00007ffcdffb0000 - 0x00007ffce010d000 	C:\WINDOWS\System32\CRYPT32.dll
0x00007ffcdf9b0000 - 0x00007ffcdf9d8000 	C:\WINDOWS\SYSTEM32\ncrypt.dll
0x00007ffcdf970000 - 0x00007ffcdf9ab000 	C:\WINDOWS\SYSTEM32\NTASN1.dll
0x00007ffcdab00000 - 0x00007ffcdab10000 	C:\Users\Kapil Dev\.p2\pool\plugins\org.eclipse.justj.openjdk.hotspot.jre.full.win32.x86_64_17.0.9.v20231028-0858\jre\bin\verify.dll

dbghelp: loaded successfully - version: 4.0.5 - missing functions: none
symbol engine: initialized successfully - sym options: 0x614 - pdb path: .;C:\Users\Kapil Dev\.p2\pool\plugins\org.eclipse.justj.openjdk.hotspot.jre.full.win32.x86_64_17.0.9.v20231028-0858\jre\bin;C:\WINDOWS\SYSTEM32;C:\WINDOWS\WinSxS\amd64_microsoft.windows.common-controls_6595b64144ccf1df_6.0.19041.3636_none_60b6a03d71f818d5;C:\Users\Kapil Dev\.p2\pool\plugins\org.eclipse.justj.openjdk.hotspot.jre.full.win32.x86_64_17.0.9.v20231028-0858\jre\bin\server

VM Arguments:
jvm_args: -Dcom.sun.management.jmxremote -Dcom.sun.management.jmxremote.port=63487 -Dcom.sun.management.jmxremote.authenticate=false -Dcom.sun.management.jmxremote.ssl=false -Djava.rmi.server.hostname=localhost -Dspring.jmx.enabled=true -Dmanagement.endpoints.jmx.exposure.include=* -Dspring.application.admin.enabled=true -XX:TieredStopAtLevel=1 -Dspring.boot.project.name=Z-User -Dfile.encoding=UTF-8 -Dstdout.encoding=UTF-8 -Dstderr.encoding=UTF-8 -XX:+ShowCodeDetailsInExceptionMessages 
java_command: com.user.ZUserApplication --spring.output.ansi.enabled=always
java_class_path (initial): C:\Users\Kapil Dev\Desktop\SpringBoot\Z-User\target\classes;C:\Users\Kapil Dev\.m2\repository\org\springframework\boot\spring-boot-starter-data-jpa\3.2.3\spring-boot-starter-data-jpa-3.2.3.jar;C:\Users\Kapil Dev\.m2\repository\org\springframework\boot\spring-boot-starter-jdbc\3.2.3\spring-boot-starter-jdbc-3.2.3.jar;C:\Users\Kapil Dev\.m2\repository\com\zaxxer\HikariCP\5.0.1\HikariCP-5.0.1.jar;C:\Users\Kapil Dev\.m2\repository\org\springframework\spring-jdbc\6.1.4\spring-jdbc-6.1.4.jar;C:\Users\Kapil Dev\.m2\repository\org\hibernate\orm\hibernate-core\6.4.4.Final\hibernate-core-6.4.4.Final.jar;C:\Users\Kapil Dev\.m2\repository\jakarta\persistence\jakarta.persistence-api\3.1.0\jakarta.persistence-api-3.1.0.jar;C:\Users\Kapil Dev\.m2\repository\jakarta\transaction\jakarta.transaction-api\2.0.1\jakarta.transaction-api-2.0.1.jar;C:\Users\Kapil Dev\.m2\repository\org\jboss\logging\jboss-logging\3.5.3.Final\jboss-logging-3.5.3.Final.jar;C:\Users\Kapil Dev\.m2\repository\org\hibernate\common\hibernate-commons-annotations\6.0.6.Final\hibernate-commons-annotations-6.0.6.Final.jar;C:\Users\Kapil Dev\.m2\repository\io\smallrye\jandex\3.1.2\jandex-3.1.2.jar;C:\Users\Kapil Dev\.m2\repository\com\fasterxml\classmate\1.6.0\classmate-1.6.0.jar;C:\Users\Kapil Dev\.m2\repository\net\bytebuddy\byte-buddy\1.14.12\byte-buddy-1.14.12.jar;C:\Users\Kapil Dev\.m2\repository\org\glassfish\jaxb\jaxb-runtime\4.0.4\jaxb-runtime-4.0.4.jar;C:\Users\Kapil Dev\.m2\repository\org\glassfish\jaxb\jaxb-core\4.0.4\jaxb-core-4.0.4.jar;C:\Users\Kapil Dev\.m2\repository\org\eclipse\angus\angus-activation\2.0.1\angus-activation-2.0.1.jar;C:\Users\Kapil Dev\.m2\repository\org\glassfish\jaxb\txw2\4.0.4\txw2-4.0.4.jar;C:\Users\Kapil Dev\.m2\repository\com\sun\istack\istack-commons-runtime\4.1.2\istack-commons-runtime-4.1.2.jar;C:\Users\Kapil Dev\.m2\repository\jakarta\inject\jakarta.inject-api\2.0.1\jakarta.inject-api-2.0.1.jar;C:\Users\Kapil Dev\.m2\repository\org\antlr\antlr4-run
Launcher Type: SUN_STANDARD

[Global flags]
     intx CICompilerCount                          = 3                                         {product} {ergonomic}
     uint ConcGCThreads                            = 1                                         {product} {ergonomic}
     uint G1ConcRefinementThreads                  = 4                                         {product} {ergonomic}
   size_t G1HeapRegionSize                         = 1048576                                   {product} {ergonomic}
    uintx GCDrainStackTargetSize                   = 64                                        {product} {ergonomic}
   size_t InitialHeapSize                          = 134217728                                 {product} {ergonomic}
     bool ManagementServer                         = true                                      {product} {command line}
   size_t MarkStackSize                            = 4194304                                   {product} {ergonomic}
   size_t MaxHeapSize                              = 2118123520                                {product} {ergonomic}
   size_t MaxNewSize                               = 1270874112                                {product} {ergonomic}
   size_t MinHeapDeltaBytes                        = 1048576                                   {product} {ergonomic}
   size_t MinHeapSize                              = 8388608                                   {product} {ergonomic}
    uintx NonProfiledCodeHeapSize                  = 0                                      {pd product} {ergonomic}
     bool ProfileInterpreter                       = false                                  {pd product} {command line}
    uintx ProfiledCodeHeapSize                     = 0                                      {pd product} {ergonomic}
     bool ShowCodeDetailsInExceptionMessages       = true                                   {manageable} {command line}
   size_t SoftMaxHeapSize                          = 2118123520                             {manageable} {ergonomic}
     intx TieredStopAtLevel                        = 1                                         {product} {command line}
     bool UseCompressedClassPointers               = true                           {product lp64_product} {ergonomic}
     bool UseCompressedOops                        = true                           {product lp64_product} {ergonomic}
     bool UseG1GC                                  = true                                      {product} {ergonomic}
     bool UseLargePagesIndividualAllocation        = false                                  {pd product} {ergonomic}

Logging:
Log output configuration:
 #0: stdout all=warning uptime,level,tags
 #1: stderr all=off uptime,level,tags

Environment Variables:
JAVA_HOME=C:\Program Files\Java\jdk-17
PATH=C:/STS/sts-4.20.1.RELEASE//plugins/org.eclipse.justj.openjdk.hotspot.jre.full.win32.x86_64_17.0.8.v20230831-1047/jre/bin/server;C:/STS/sts-4.20.1.RELEASE//plugins/org.eclipse.justj.openjdk.hotspot.jre.full.win32.x86_64_17.0.8.v20230831-1047/jre/bin;C:\Program Files\Common Files\Oracle\Java\javapath;C:\WINDOWS\system32;C:\WINDOWS;C:\WINDOWS\System32\Wbem;C:\WINDOWS\System32\WindowsPowerShell\v1.0\;C:\WINDOWS\System32\OpenSSH\;C:\Program Files\MySQL\MySQL Server 8.0\bin;C:\Program Files\apache-maven-3.9.5-bin\apache-maven-3.9.5\bin;C:\Users\Kapil Dev\Downloads\apache-maven-3.9.5-bin.zip\apache-maven-3.9.5;C:\Program Files\Java\jdk-17\bin;C:\Program Files\MongoDB\Server\7.0\bin;C:\Users\Kapil Dev\Downloads\mongosh-2.1.3-win32-x64\mongosh-2.1.3-win32-x64\bin;C:\Users\Kapil Dev\Downloads\apache-tomcat-10.1.19\apache-tomcat-10.1.19\bin;C:\Program Files\Java\jdk-17\bin;C:\Users\Kapil Dev\AppData\Local\Microsoft\WindowsApps;C:\Users\Kapil Dev\AppData\Local\Programs\Microsoft VS Code\bin;C:\Users\Kapil Dev\AppData\Local\Programs\Git\cmd;C:\Users\Kapil Dev\AppData\Local\Programs\Git\mingw64\bin;C:\Users\Kapil Dev\AppData\Local\Programs\Git\usr\bin;C:\STS\sts-4.20.1.RELEASE;
USERNAME=Kapil Dev
OS=Windows_NT
PROCESSOR_IDENTIFIER=Intel64 Family 6 Model 78 Stepping 3, GenuineIntel
TMP=C:\Users\KAPILD~1\AppData\Local\Temp
TEMP=C:\Users\KAPILD~1\AppData\Local\Temp



Periodic native trim disabled


---------------  S Y S T E M  ---------------

OS:
 Windows 10 , 64 bit Build 19041 (10.0.19041.3636)
OS uptime: 8 days 8:08 hours

CPU: total 4 (initial active 4) (2 cores per cpu, 2 threads per core) family 6 model 78 stepping 3 microcode 0xcc, cx8, cmov, fxsr, ht, mmx, 3dnowpref, sse, sse2, sse3, ssse3, sse4.1, sse4.2, popcnt, lzcnt, tsc, tscinvbit, avx, avx2, aes, erms, clmul, bmi1, bmi2, rtm, adx, fma, vzeroupper, clflush, clflushopt
Processor Information for all 4 processors :
  Max Mhz: 2496, Current Mhz: 2396, Mhz Limit: 2396

Memory: 4k page, system-wide physical 8072M (750M free)
TotalPageFile size 17006M (AvailPageFile size 3906M)
current process WorkingSet (physical memory assigned to process): 285M, peak: 285M
current process commit charge ("private bytes"): 319M, peak: 319M

vm_info: OpenJDK 64-Bit Server VM (17.0.9+9) for windows-amd64 JRE (17.0.9+9), built on Oct 26 2023 14:01:42 by "admin" with MS VC++ 16.10 / 16.11 (VS2019)

END.
